#
# There is insufficient memory for the Java Runtime Environment to continue.
# Native memory allocation (mmap) failed to map 134217728 bytes for Failed to commit area from 0x0000000080000000 to 0x0000000088000000 of length 134217728.
# Possible reasons:
#   The system is out of physical RAM or swap space
#   The process is running with CompressedOops enabled, and the Java Heap may be blocking the growth of the native heap
# Possible solutions:
#   Reduce memory load on the system
#   Increase physical memory or swap space
#   Check if swap backing store is full
#   Decrease Java heap size (-Xmx/-Xms)
#   Decrease number of Java threads
#   Decrease Java thread stack sizes (-Xss)
#   Set larger code cache with -XX:ReservedCodeCacheSize=
# This output file may be truncated or incomplete.
#
#  Out of Memory Error (./src/hotspot/os/windows/os_windows.cpp:3511), pid=16388, tid=2524
#
# JRE version:  (11.0.11+9) (build )
# Java VM: OpenJDK 64-Bit Server VM (11.0.11+9-b1504.13, mixed mode, sharing, tiered, compressed oops, g1 gc, windows-amd64)
# No core dump will be written. Minidumps are not enabled by default on client versions of Windows
#

---------------  S U M M A R Y ------------

Command Line: -Djava.rmi.server.hostname=127.0.0.1 -Duser.timezone=UTC -Xmx2048m -Xms128m -Dfile.encoding=UTF-8 com.intellij.database.remote.RemoteJdbcServer com.mysql.cj.jdbc.Driver

Host: Intel(R) Core(TM) i5-10400 CPU @ 2.90GHz, 12 cores, 7G,  Windows 10 , 64 bit Build 19041 (10.0.19041.1023)
Time: Tue Aug  3 00:06:55 2021 中国标准时间 elapsed time: 0.011228 seconds (0d 0h 0m 0s)

---------------  T H R E A D  ---------------

Current thread (0x0000019610026800):  JavaThread "Unknown thread" [_thread_in_vm, id=2524, stack(0x0000009340b00000,0x0000009340c00000)]

Stack: [0x0000009340b00000,0x0000009340c00000]
Native frames: (J=compiled Java code, j=interpreted, Vv=VM code, C=native code)
V  [jvm.dll+0x5f5d5a]
V  [jvm.dll+0x7798b5]
V  [jvm.dll+0x77aecd]
V  [jvm.dll+0x77b583]
V  [jvm.dll+0x244978]
V  [jvm.dll+0x5f3174]
V  [jvm.dll+0x5e7d55]
V  [jvm.dll+0x30068b]
V  [jvm.dll+0x3005fa]
V  [jvm.dll+0x3004d2]
V  [jvm.dll+0x3053c6]
V  [jvm.dll+0x34e0a3]
V  [jvm.dll+0x34e7a6]
V  [jvm.dll+0x34e1a3]
V  [jvm.dll+0x2db0c8]
V  [jvm.dll+0x2dc267]
V  [jvm.dll+0x758057]
V  [jvm.dll+0x75984c]
V  [jvm.dll+0x35b659]
V  [jvm.dll+0x73b67e]
V  [jvm.dll+0x3c39f3]
V  [jvm.dll+0x3c5dd1]
C  [jli.dll+0x5373]
C  [ucrtbase.dll+0x21bb2]
C  [KERNEL32.DLL+0x17034]
C  [ntdll.dll+0x52651]


---------------  P R O C E S S  ---------------

Threads class SMR info:
_java_thread_list=0x000001960ded63a0, length=0, elements={
}

Java Threads: ( => current thread )

Other Threads:
  0x000001961003e000 GCTaskThread "GC Thread#0" [stack: 0x0000009340c00000,0x0000009340d00000] [id=15512]
  0x0000019610071000 ConcurrentGCThread "G1 Main Marker" [stack: 0x0000009340d00000,0x0000009340e00000] [id=16524]
  0x0000019610072800 ConcurrentGCThread "G1 Conc#0" [stack: 0x0000009340e00000,0x0000009340f00000] [id=18160]

[error occurred during error reporting (printing all threads), id 0xc0000005, EXCEPTION_ACCESS_VIOLATION (0xc0000005) at pc=0x00007ff98089b8f7]

VM state:not at safepoint (not fully initialized)

VM Mutex/Monitor currently owned by a thread:  ([mutex/lock_event])
[0x00000196100236a0] Heap_lock - owner thread: 0x0000019610026800

Heap address: 0x0000000080000000, size: 2048 MB, Compressed Oops mode: Non-zero based: 0x0000000080000000
Narrow klass base: 0x0000000000000000, Narrow klass shift: 0

GC Heap History (0 events):
No events

Deoptimization events (0 events):
No events

Classes redefined (0 events):
No events

Internal exceptions (0 events):
No events

Events (1 events):
Event: 0.007 Loaded shared library D:\IntelliJ IDEA 2021.1.3\jbr\bin\zip.dll


Dynamic libraries:
0x00007ff61c1d0000 - 0x00007ff61c1da000 	D:\IntelliJ IDEA 2021.1.3\jbr\bin\java.exe
0x00007ff9b5510000 - 0x00007ff9b5705000 	C:\Windows\SYSTEM32\ntdll.dll
0x00007ff9b3800000 - 0x00007ff9b38bd000 	C:\Windows\System32\KERNEL32.DLL
0x00007ff9b2f40000 - 0x00007ff9b3209000 	C:\Windows\System32\KERNELBASE.dll
0x00007ff9b0500000 - 0x00007ff9b0590000 	C:\Windows\SYSTEM32\apphelp.dll
0x00007ff9b3480000 - 0x00007ff9b3580000 	C:\Windows\System32\ucrtbase.dll
0x00007ff9a93a0000 - 0x00007ff9a93b9000 	D:\IntelliJ IDEA 2021.1.3\jbr\bin\jli.dll
0x00007ff9a9380000 - 0x00007ff9a9397000 	D:\IntelliJ IDEA 2021.1.3\jbr\bin\VCRUNTIME140.dll
0x00007ff9b5300000 - 0x00007ff9b54a0000 	C:\Windows\System32\USER32.dll
0x00007ff9b2ee0000 - 0x00007ff9b2f02000 	C:\Windows\System32\win32u.dll
0x00007ff9a11f0000 - 0x00007ff9a148a000 	C:\Windows\WinSxS\amd64_microsoft.windows.common-controls_6595b64144ccf1df_6.0.19041.1110_none_60b5254171f9507e\COMCTL32.dll
0x00007ff9b54a0000 - 0x00007ff9b54ca000 	C:\Windows\System32\GDI32.dll
0x00007ff9b5250000 - 0x00007ff9b52ee000 	C:\Windows\System32\msvcrt.dll
0x00007ff9b2dd0000 - 0x00007ff9b2edb000 	C:\Windows\System32\gdi32full.dll
0x00007ff9b2ce0000 - 0x00007ff9b2d7d000 	C:\Windows\System32\msvcp_win.dll
0x00007ff9b3580000 - 0x00007ff9b35b0000 	C:\Windows\System32\IMM32.DLL
0x00007ff9a10b0000 - 0x00007ff9a114d000 	D:\IntelliJ IDEA 2021.1.3\jbr\bin\msvcp140.dll
0x00007ff9805b0000 - 0x00007ff9810fa000 	D:\IntelliJ IDEA 2021.1.3\jbr\bin\server\jvm.dll
0x00007ff9b35b0000 - 0x00007ff9b365c000 	C:\Windows\System32\ADVAPI32.dll
0x00007ff9b4a60000 - 0x00007ff9b4afb000 	C:\Windows\System32\sechost.dll
0x00007ff9b4610000 - 0x00007ff9b473a000 	C:\Windows\System32\RPCRT4.dll
0x00007ff9b37f0000 - 0x00007ff9b37f8000 	C:\Windows\System32\PSAPI.DLL
0x00007ff99e070000 - 0x00007ff99e079000 	C:\Windows\SYSTEM32\WSOCK32.dll
0x00007ff9a0a70000 - 0x00007ff9a0a97000 	C:\Windows\SYSTEM32\WINMM.dll
0x00007ff9aa9d0000 - 0x00007ff9aa9da000 	C:\Windows\SYSTEM32\VERSION.dll
0x00007ff9b4860000 - 0x00007ff9b48cb000 	C:\Windows\System32\WS2_32.dll
0x00007ff9b0ba0000 - 0x00007ff9b0bb2000 	C:\Windows\SYSTEM32\kernel.appcore.dll
0x00007ff99e5e0000 - 0x00007ff99e5f1000 	D:\IntelliJ IDEA 2021.1.3\jbr\bin\verify.dll
0x00007ff9aaf70000 - 0x00007ff9ab154000 	C:\Windows\SYSTEM32\DBGHELP.DLL
0x00007ff99e350000 - 0x00007ff99e37c000 	C:\Windows\SYSTEM32\dbgcore.DLL
0x00007ff9b2c50000 - 0x00007ff9b2cd3000 	C:\Windows\System32\bcryptPrimitives.dll
0x00007ff985de0000 - 0x00007ff985e09000 	D:\IntelliJ IDEA 2021.1.3\jbr\bin\java.dll
0x00007ff99a730000 - 0x00007ff99a73b000 	D:\IntelliJ IDEA 2021.1.3\jbr\bin\jimage.dll
0x00007ff986290000 - 0x00007ff9862a8000 	D:\IntelliJ IDEA 2021.1.3\jbr\bin\zip.dll

dbghelp: loaded successfully - version: 4.0.5 - missing functions: none
symbol engine: initialized successfully - sym options: 0x614 - pdb path: .;D:\IntelliJ IDEA 2021.1.3\jbr\bin;C:\Windows\SYSTEM32;C:\Windows\WinSxS\amd64_microsoft.windows.common-controls_6595b64144ccf1df_6.0.19041.1110_none_60b5254171f9507e;D:\IntelliJ IDEA 2021.1.3\jbr\bin\server

VM Arguments:
jvm_args: -Djava.rmi.server.hostname=127.0.0.1 -Duser.timezone=UTC -Xmx2048m -Xms128m -Dfile.encoding=UTF-8 
java_command: com.intellij.database.remote.RemoteJdbcServer com.mysql.cj.jdbc.Driver
java_class_path (initial): D:\IntelliJ IDEA 2021.1.3\lib\util.jar;D:\IntelliJ IDEA 2021.1.3\lib\groovy-2.5.14.jar;D:\IntelliJ IDEA 2021.1.3\plugins\DatabaseTools\lib\jdbc-console.jar;C:\Users\Admin\AppData\Roaming\JetBrains\IntelliJIdea2021.2\jdbc-drivers\MySQL ConnectorJ\8.0.25\mysql-connector-java-8.0.25.jar
Launcher Type: SUN_STANDARD

[Global flags]
     intx CICompilerCount                          = 4                                         {product} {ergonomic}
     uint ConcGCThreads                            = 3                                         {product} {ergonomic}
     uint G1ConcRefinementThreads                  = 10                                        {product} {ergonomic}
   size_t G1HeapRegionSize                         = 1048576                                   {product} {ergonomic}
    uintx GCDrainStackTargetSize                   = 64                                        {product} {ergonomic}
   size_t InitialHeapSize                          = 134217728                                 {product} {command line}
   size_t MarkStackSize                            = 4194304                                   {product} {ergonomic}
   size_t MaxHeapSize                              = 2147483648                                {product} {command line}
   size_t MinHeapDeltaBytes                        = 1048576                                   {product} {ergonomic}
    uintx NonNMethodCodeHeapSize                   = 5836300                                {pd product} {ergonomic}
    uintx NonProfiledCodeHeapSize                  = 122910970                              {pd product} {ergonomic}
    uintx ProfiledCodeHeapSize                     = 122910970                              {pd product} {ergonomic}
    uintx ReservedCodeCacheSize                    = 251658240                              {pd product} {ergonomic}
     bool SegmentedCodeCache                       = true                                      {product} {ergonomic}
     bool UseCompressedClassPointers               = true                                 {lp64_product} {ergonomic}
     bool UseCompressedOops                        = true                                 {lp64_product} {ergonomic}
     bool UseG1GC                                  = true                                      {product} {ergonomic}
     bool UseLargePagesIndividualAllocation        = false                                  {pd product} {ergonomic}

Logging:
Log output configuration:
 #0: stdout all=warning uptime,level,tags
 #1: stderr all=off uptime,level,tags

Environment Variables:
JAVA_HOME=D:\Program Files\Java\jdk1.8.0_291
CLASSPATH=.;D:\Program Files\Java\jdk1.8.0_291\lib\dt.jar;D:\Program Files\Java\jdk1.8.0_291\lib\tools.jar;
PATH=C:\Program Files (x86)\Common Files\Oracle\Java\javapath;D:\python3.9\Scripts\;D:\python3.9\;C:\Windows\system32;C:\Windows;C:\Windows\System32\Wbem;C:\Windows\System32\WindowsPowerShell\v1.0\;C:\Windows\System32\OpenSSH\;D:\Program Files\Java\jdk1.8.0_291\bin;D:\Program Files\Java\jdk1.8.0_291\jre\bin;D:\nodejs\;D:\nodejs\node_global;D:\Git\cmd;C:\Users\Admin\AppData\Local\Microsoft\WindowsApps;;D:\IntelliJ IDEA 2021.1.3\bin;;C:\Users\Admin\AppData\Roaming\npm
USERNAME=Admin
OS=Windows_NT
PROCESSOR_IDENTIFIER=Intel64 Family 6 Model 165 Stepping 3, GenuineIntel



---------------  S Y S T E M  ---------------

OS: Windows 10 , 64 bit Build 19041 (10.0.19041.1023)
OS uptime: 0 days 9:56 hours

CPU:total 12 (initial active 12) (6 cores per cpu, 2 threads per core) family 6 model 165 stepping 3 microcode 0xcc, cmov, cx8, fxsr, mmx, sse, sse2, sse3, ssse3, sse4.1, sse4.2, popcnt, avx, avx2, aes, clmul, erms, 3dnowpref, lzcnt, ht, tsc, tscinvbit, bmi1, bmi2, adx, fma

Memory: 4k page, system-wide physical 8080M (485M free)
TotalPageFile size 16272M (AvailPageFile size 102M)
current process WorkingSet (physical memory assigned to process): 10M, peak: 10M
current process commit charge ("private bytes"): 64M, peak: 192M

vm_info: OpenJDK 64-Bit Server VM (11.0.11+9-b1504.13) for windows-amd64 JRE (11.0.11+9-b1504.13), built on Jul 18 2021 03:17:44 by "" with MS VC++ 14.0 (VS2015)

END.
