#
# There is insufficient memory for the Java Runtime Environment to continue.
# Native memory allocation (mmap) failed to map 134217728 bytes for Failed to commit area from 0x0000000081a00000 to 0x0000000089a00000 of length 134217728.
# Possible reasons:
#   The system is out of physical RAM or swap space
#   The process is running with CompressedOops enabled, and the Java Heap may be blocking the growth of the native heap
# Possible solutions:
#   Reduce memory load on the system
#   Increase physical memory or swap space
#   Check if swap backing store is full
#   Decrease Java heap size (-Xmx/-Xms)
#   Decrease number of Java threads
#   Decrease Java thread stack sizes (-Xss)
#   Set larger code cache with -XX:ReservedCodeCacheSize=
# This output file may be truncated or incomplete.
#
#  Out of Memory Error (./src/hotspot/os/windows/os_windows.cpp:3301), pid=1108, tid=15092
#
# JRE version:  (11.0.11+9) (build )
# Java VM: OpenJDK 64-Bit Server VM (11.0.11+9-b1341.60, mixed mode, sharing, tiered, compressed oops, g1 gc, windows-amd64)
# No core dump will be written. Minidumps are not enabled by default on client versions of Windows
#

---------------  S U M M A R Y ------------

Command Line: org.jetbrains.git4idea.http.GitAskPassApp Username for 'https://gitee.com': 

Host: Intel(R) Core(TM) i5-10400 CPU @ 2.90GHz, 12 cores, 7G,  Windows 10 , 64 bit Build 19041 (10.0.19041.1023)
Time: Wed Jul  7 00:21:17 2021 中国标准时间 elapsed time: 0.016013 seconds (0d 0h 0m 0s)

---------------  T H R E A D  ---------------

Current thread (0x000001b955e4d000):  JavaThread "Unknown thread" [_thread_in_vm, id=15092, stack(0x0000004983f00000,0x0000004984000000)]

Stack: [0x0000004983f00000,0x0000004984000000]
Native frames: (J=compiled Java code, j=interpreted, Vv=VM code, C=native code)
V  [jvm.dll+0x5f5c8a]
V  [jvm.dll+0x779405]
V  [jvm.dll+0x77aa1d]
V  [jvm.dll+0x77b0d3]
V  [jvm.dll+0x244bc8]
V  [jvm.dll+0x5f3084]
V  [jvm.dll+0x5e7fe5]
V  [jvm.dll+0x30098b]
V  [jvm.dll+0x3008fa]
V  [jvm.dll+0x3007d2]
V  [jvm.dll+0x3056b6]
V  [jvm.dll+0x34e353]
V  [jvm.dll+0x34ea56]
V  [jvm.dll+0x34e453]
V  [jvm.dll+0x2db398]
V  [jvm.dll+0x2dc547]
V  [jvm.dll+0x757bf7]
V  [jvm.dll+0x7593ec]
V  [jvm.dll+0x35b8d9]
V  [jvm.dll+0x73b38e]
V  [jvm.dll+0x3c3cc3]
V  [jvm.dll+0x3c60e1]
C  [jli.dll+0x5373]
C  [ucrtbase.dll+0x21bb2]
C  [KERNEL32.DLL+0x17034]
C  [ntdll.dll+0x52651]


---------------  P R O C E S S  ---------------

Threads class SMR info:
_java_thread_list=0x000001b955d72900, length=0, elements={
}

Java Threads: ( => current thread )

Other Threads:
  0x000001b955eab800 GCTaskThread "GC Thread#0" [stack: 0x0000004984000000,0x0000004984100000] [id=13932]
  0x000001b955ee0000 ConcurrentGCThread "G1 Main Marker" [stack: 0x0000004984100000,0x0000004984200000] [id=18372]
  0x000001b955ee2000 ConcurrentGCThread "G1 Conc#0" [stack: 0x0000004984200000,0x0000004984300000] [id=19380]

[error occurred during error reporting (printing all threads), id 0xc0000005, EXCEPTION_ACCESS_VIOLATION (0xc0000005) at pc=0x00007ffb2430b9f7]

VM state:not at safepoint (not fully initialized)

VM Mutex/Monitor currently owned by a thread:  ([mutex/lock_event])
[0x000001b955e4a200] Heap_lock - owner thread: 0x000001b955e4d000

Heap address: 0x0000000081a00000, size: 2022 MB, Compressed Oops mode: Non-zero based: 0x0000000081a00000
Narrow klass base: 0x0000000000000000, Narrow klass shift: 0

GC Heap History (0 events):
No events

Deoptimization events (0 events):
No events

Classes redefined (0 events):
No events

Internal exceptions (0 events):
No events

Events (1 events):
Event: 0.010 Loaded shared library D:\IntelliJ IDEA 2021.1.3\jbr\bin\zip.dll


Dynamic libraries:
0x00007ff626900000 - 0x00007ff62690a000 	D:\IntelliJ IDEA 2021.1.3\jbr\bin\java.exe
0x00007ffb66a90000 - 0x00007ffb66c85000 	C:\Windows\SYSTEM32\ntdll.dll
0x00007ffb66050000 - 0x00007ffb6610d000 	C:\Windows\System32\KERNEL32.DLL
0x00007ffb647d0000 - 0x00007ffb64a99000 	C:\Windows\System32\KERNELBASE.dll
0x00007ffb61ad0000 - 0x00007ffb61b60000 	C:\Windows\SYSTEM32\apphelp.dll
0x00007ffb646d0000 - 0x00007ffb647d0000 	C:\Windows\System32\ucrtbase.dll
0x00007ffb3d010000 - 0x00007ffb3d029000 	D:\IntelliJ IDEA 2021.1.3\jbr\bin\jli.dll
0x00007ffb37930000 - 0x00007ffb37947000 	D:\IntelliJ IDEA 2021.1.3\jbr\bin\VCRUNTIME140.dll
0x00007ffb66110000 - 0x00007ffb662b0000 	C:\Windows\System32\USER32.dll
0x00007ffb64260000 - 0x00007ffb64282000 	C:\Windows\System32\win32u.dll
0x00007ffb53590000 - 0x00007ffb5382a000 	C:\Windows\WinSxS\amd64_microsoft.windows.common-controls_6595b64144ccf1df_6.0.19041.1052_none_60b8f8fd71f5e8cb\COMCTL32.dll
0x00007ffb650c0000 - 0x00007ffb650ea000 	C:\Windows\System32\GDI32.dll
0x00007ffb65930000 - 0x00007ffb659ce000 	C:\Windows\System32\msvcrt.dll
0x00007ffb645c0000 - 0x00007ffb646cb000 	C:\Windows\System32\gdi32full.dll
0x00007ffb64440000 - 0x00007ffb644dd000 	C:\Windows\System32\msvcp_win.dll
0x00007ffb65e70000 - 0x00007ffb65ea0000 	C:\Windows\System32\IMM32.DLL
0x00007ffb312c0000 - 0x00007ffb3135d000 	D:\IntelliJ IDEA 2021.1.3\jbr\bin\msvcp140.dll
0x00007ffb24020000 - 0x00007ffb24b69000 	D:\IntelliJ IDEA 2021.1.3\jbr\bin\server\jvm.dll
0x00007ffb65110000 - 0x00007ffb651bc000 	C:\Windows\System32\ADVAPI32.dll
0x00007ffb65420000 - 0x00007ffb654bb000 	C:\Windows\System32\sechost.dll
0x00007ffb651c0000 - 0x00007ffb652ea000 	C:\Windows\System32\RPCRT4.dll
0x00007ffb65b80000 - 0x00007ffb65b88000 	C:\Windows\System32\PSAPI.DLL
0x00007ffb529e0000 - 0x00007ffb52a07000 	C:\Windows\SYSTEM32\WINMM.dll
0x00007ffb61600000 - 0x00007ffb61609000 	C:\Windows\SYSTEM32\WSOCK32.dll
0x00007ffb5cd40000 - 0x00007ffb5cd4a000 	C:\Windows\SYSTEM32\VERSION.dll
0x00007ffb659e0000 - 0x00007ffb65a4b000 	C:\Windows\System32\WS2_32.dll
0x00007ffb62120000 - 0x00007ffb62132000 	C:\Windows\SYSTEM32\kernel.appcore.dll
0x00007ffb5fdf0000 - 0x00007ffb5fe01000 	D:\IntelliJ IDEA 2021.1.3\jbr\bin\verify.dll
0x00007ffb5d7c0000 - 0x00007ffb5d9a4000 	C:\Windows\SYSTEM32\DBGHELP.DLL
0x00007ffb50ed0000 - 0x00007ffb50efc000 	C:\Windows\SYSTEM32\dbgcore.DLL
0x00007ffb641d0000 - 0x00007ffb64253000 	C:\Windows\System32\bcryptPrimitives.dll
0x00007ffb5fdc0000 - 0x00007ffb5fde9000 	D:\IntelliJ IDEA 2021.1.3\jbr\bin\java.dll
0x00007ffb615f0000 - 0x00007ffb615fb000 	D:\IntelliJ IDEA 2021.1.3\jbr\bin\jimage.dll
0x00007ffb5fda0000 - 0x00007ffb5fdb8000 	D:\IntelliJ IDEA 2021.1.3\jbr\bin\zip.dll

dbghelp: loaded successfully - version: 4.0.5 - missing functions: none
symbol engine: initialized successfully - sym options: 0x614 - pdb path: .;D:\IntelliJ IDEA 2021.1.3\jbr\bin;C:\Windows\SYSTEM32;C:\Windows\WinSxS\amd64_microsoft.windows.common-controls_6595b64144ccf1df_6.0.19041.1052_none_60b8f8fd71f5e8cb;D:\IntelliJ IDEA 2021.1.3\jbr\bin\server

VM Arguments:
java_command: org.jetbrains.git4idea.http.GitAskPassApp Username for 'https://gitee.com': 
java_class_path (initial): D:/IntelliJ IDEA 2021.1.3/plugins/git4idea/lib/git4idea-rt.jar;D:/IntelliJ IDEA 2021.1.3/lib/xmlrpc-2.0.1.jar;D:/IntelliJ IDEA 2021.1.3/lib/commons-codec-1.15.jar
Launcher Type: SUN_STANDARD

[Global flags]
     intx CICompilerCount                          = 4                                         {product} {ergonomic}
     uint ConcGCThreads                            = 3                                         {product} {ergonomic}
     uint G1ConcRefinementThreads                  = 10                                        {product} {ergonomic}
   size_t G1HeapRegionSize                         = 1048576                                   {product} {ergonomic}
    uintx GCDrainStackTargetSize                   = 64                                        {product} {ergonomic}
   size_t InitialHeapSize                          = 134217728                                 {product} {ergonomic}
   size_t MarkStackSize                            = 4194304                                   {product} {ergonomic}
   size_t MaxHeapSize                              = 2120220672                                {product} {ergonomic}
   size_t MinHeapDeltaBytes                        = 1048576                                   {product} {ergonomic}
    uintx NonNMethodCodeHeapSize                   = 5836300                                {pd product} {ergonomic}
    uintx NonProfiledCodeHeapSize                  = 122910970                              {pd product} {ergonomic}
    uintx ProfiledCodeHeapSize                     = 122910970                              {pd product} {ergonomic}
    uintx ReservedCodeCacheSize                    = 251658240                              {pd product} {ergonomic}
     bool SegmentedCodeCache                       = true                                      {product} {ergonomic}
     bool UseCompressedClassPointers               = true                                 {lp64_product} {ergonomic}
     bool UseCompressedOops                        = true                                 {lp64_product} {ergonomic}
     bool UseG1GC                                  = true                                      {product} {ergonomic}
     bool UseLargePagesIndividualAllocation        = false                                  {pd product} {ergonomic}

Logging:
Log output configuration:
 #0: stdout all=warning uptime,level,tags
 #1: stderr all=off uptime,level,tags

Environment Variables:
JAVA_HOME=D:\Program Files\Java\jdk1.8.0_291
CLASSPATH=.;D:\Program Files\Java\jdk1.8.0_291\lib\dt.jar;D:\Program Files\Java\jdk1.8.0_291\lib\tools.jar;
PATH=D:\Git\mingw64\libexec\git-core;D:\Git\mingw64\libexec\git-core;D:\Git\mingw64\bin;D:\Git\usr\bin;C:\Users\Admin\bin;C:\Program Files (x86)\Common Files\Oracle\Java\javapath;D:\python3.9\Scripts;D:\python3.9;C:\Windows\system32;C:\Windows;C:\Windows\System32\Wbem;C:\Windows\System32\WindowsPowerShell\v1.0;C:\Windows\System32\OpenSSH;D:\Git\cmd;D:\Program Files\Java\jdk1.8.0_291\bin;D:\Program Files\Java\jdk1.8.0_291\jre\bin;D:\nodejs;D:\nodejs\node_global;C:\Users\Admin\AppData\Local\Microsoft\WindowsApps;D:\IntelliJ IDEA 2021.1.3\bin;C:\Users\Admin\AppData\Roaming\npm
USERNAME=Admin
DISPLAY=:0.0
LC_ALL=en_US.UTF-8
OS=Windows_NT
PROCESSOR_IDENTIFIER=Intel64 Family 6 Model 165 Stepping 3, GenuineIntel



---------------  S Y S T E M  ---------------

OS: Windows 10 , 64 bit Build 19041 (10.0.19041.1023)
OS uptime: 0 days 5:34 hours

CPU:total 12 (initial active 12) (6 cores per cpu, 2 threads per core) family 6 model 165 stepping 3 microcode 0xcc, cmov, cx8, fxsr, mmx, sse, sse2, sse3, ssse3, sse4.1, sse4.2, popcnt, avx, avx2, aes, clmul, erms, 3dnowpref, lzcnt, ht, tsc, tscinvbit, bmi1, bmi2, adx, fma

Memory: 4k page, system-wide physical 8080M (1875M free)
TotalPageFile size 16272M (AvailPageFile size 86M)
current process WorkingSet (physical memory assigned to process): 10M, peak: 10M
current process commit charge ("private bytes"): 64M, peak: 192M

vm_info: OpenJDK 64-Bit Server VM (11.0.11+9-b1341.60) for windows-amd64 JRE (11.0.11+9-b1341.60), built on Jun  4 2021 08:17:54 by "" with MS VC++ 14.0 (VS2015)

END.
